[ 21.09.2020 - 14:53:00 ]
    (MSG) [2] in SMILExtract : openSMILE starting!
[ 21.09.2020 - 14:53:00 ]
    (MSG) [2] in SMILExtract : config file is: C:/Program Files/opensmile-2.3.0/config/IS10_paraling.conf
[ 21.09.2020 - 14:53:00 ]
    (MSG) [2] in cComponentManager : successfully registered 95 component types.
[ 21.09.2020 - 14:53:00 ]
    (MSG) [2] in instance 'lldsink' : No filename given, disabling this sink component.
[ 21.09.2020 - 14:53:00 ]
    (MSG) [2] in instance 'lldhtksink' : No filename given, disabling this sink component.
[ 21.09.2020 - 14:53:00 ]
    (MSG) [2] in instance 'lldarffsink' : No filename given, disabling this sink component.
[ 21.09.2020 - 14:53:00 ]
    (MSG) [2] in instance 'csvsink' : No filename given, disabling this sink component.
[ 21.09.2020 - 14:53:00 ]
    (MSG) [2] in instance 'htksink' : No filename given, disabling this sink component.
[ 21.09.2020 - 14:53:00 ]
    (MSG) [2] in instance 'is10_res' : adjusting resampleRatio from 0.249433 to 0.249320 to match next integer frame size! (targetFs* = 10995.013599)
[ 21.09.2020 - 14:53:00 ]
    (WARN) [2] in instance 'is10_lld.reader' : Inconsistency in input level parameters. growDyn on first (#1) input = 0, growDyn on input # 5 (is10_pitch) = 1. This might cause the processing to hang unpredictably or cause incomplete processing.
[ 21.09.2020 - 14:53:00 ]
    (WARN) [2] in instance 'is10_lld.reader' : Inconsistency in input level parameters. isRb on first (#1) input = 1, isRb on input # 5 (is10_pitch) = 0. This might cause the processing to hang unpredictably or cause incomplete processing.
[ 21.09.2020 - 14:53:00 ]
    (WARN) [1] in instance 'is10_lld.reader' : Mismatch in input level buffer sizes (levelconf.nT). Level #0 has size 5 which is smaller than the max. input size of all input levels (10). This might cause the processing to hang unpredictably or cause incomplete processing.
[ 21.09.2020 - 14:53:00 ]
    (WARN) [1] in instance 'is10_lld.reader' : Mismatch in input level buffer sizes (levelconf.nT). Level #1 has size 5 which is smaller than the max. input size of all input levels (10). This might cause the processing to hang unpredictably or cause incomplete processing.
[ 21.09.2020 - 14:53:00 ]
    (WARN) [1] in instance 'is10_lld.reader' : Mismatch in input level buffer sizes (levelconf.nT). Level #2 has size 5 which is smaller than the max. input size of all input levels (10). This might cause the processing to hang unpredictably or cause incomplete processing.
[ 21.09.2020 - 14:53:00 ]
    (WARN) [1] in instance 'is10_lld.reader' : Mismatch in input level buffer sizes (levelconf.nT). Level #3 has size 5 which is smaller than the max. input size of all input levels (10). This might cause the processing to hang unpredictably or cause incomplete processing.
[ 21.09.2020 - 14:53:00 ]
    (WARN) [2] in instance 'is10_lld2.reader' : Inconsistency in input level parameters. growDyn on first (#1) input = 1, growDyn on input # 2 (is10_jitter) = 0. This might cause the processing to hang unpredictably or cause incomplete processing.
[ 21.09.2020 - 14:53:00 ]
    (WARN) [2] in instance 'is10_lld2.reader' : Inconsistency in input level parameters. isRb on first (#1) input = 0, isRb on input # 2 (is10_jitter) = 1. This might cause the processing to hang unpredictably or cause incomplete processing.
[ 21.09.2020 - 14:53:00 ]
    (WARN) [1] in instance 'is10_lld2.reader' : Mismatch in input level buffer sizes (levelconf.nT). Level #1 has size 5 which is smaller than the max. input size of all input levels (10). This might cause the processing to hang unpredictably or cause incomplete processing.
[ 21.09.2020 - 14:53:00 ]
    (MSG) [2] in cComponentManager : successfully finished createInstances
                                 (39 component instances were finalised, 1 data memories were finalised)
[ 21.09.2020 - 14:53:00 ]
    (MSG) [2] in cComponentManager : starting single thread processing loop
[ 21.09.2020 - 14:53:00 ]
    (MSG) [2] in cComponentManager : Processing finished! System ran for 5 ticks.
[ 21.09.2020 - 14:53:00 ]
    (ERROR) [1] in instance 'arffsink' : No output was written! (Maybe the input was too short to extract features from, or the config is broken?)
